<?xml version="1.0" encoding="UTF-8"?>
<!-- Generated by org.testng.reporters.JUnitXMLReporter -->
<testsuite ignored="3" hostname="QB-TP3-2221" failures="0" tests="2" name="Chrome Test" time="11.362" errors="0" timestamp="2022-08-20T16:09:17 IST">
  <testcase classname="Testcases.ManageProducttest" name="alertValidation" time="1.936"/>
  <testcase classname="Testcases.PushNotificationsTest" name="AlertTextValidation" time="2.812"/>
  <testcase classname="Testcases.PushNotificationsTest" name="displayColorSearchbutton" time="0.0">
    <ignored/>
  </testcase> <!-- displayColorSearchbutton -->
  <testcase classname="Testcases.PushNotificationsTest" name="pushnotificationsTabValidation" time="0.0">
    <ignored/>
  </testcase> <!-- pushnotificationsTabValidation -->
  <testcase classname="Testcases.ManageProducttest" name="verifyEneterPricefield" time="0.0">
    <ignored/>
  </testcase> <!-- verifyEneterPricefield -->
</testsuite> <!-- Chrome Test -->
