<?xml version="1.0" encoding="UTF-8"?>
<!-- Generated by org.testng.reporters.JUnitXMLReporter -->
<testsuite ignored="0" hostname="QB-TP3-2221" failures="1" tests="4" name="ChromeTest" time="35.153" errors="0" timestamp="2022-10-21T12:36:21 IST">
  <testcase classname="Testcases.ManageExpenseTestcase" name="ManageordersResetButtonClrVaildation" time="2.224"/>
  <testcase classname="Testcases.ManageExpenseTestcase" name="Manageorders_search_btn_size" time="1.715"/>
  <testcase classname="Testcases.ManageExpenseTestcase" name="backGroundSearchrVaildation" time="1.501"/>
  <testcase classname="Testcases.ManageExpenseTestcase" name="calenderfunction" time="16.689">
    <failure type="java.lang.IndexOutOfBoundsException" message="Index 0 out of bounds for length 0">
      <![CDATA[java.lang.IndexOutOfBoundsException: Index 0 out of bounds for length 0
at java.base/jdk.internal.util.Preconditions.outOfBounds(Preconditions.java:64)
at java.base/jdk.internal.util.Preconditions.outOfBoundsCheckIndex(Preconditions.java:70)
at java.base/jdk.internal.util.Preconditions.checkIndex(Preconditions.java:248)
at java.base/java.util.Objects.checkIndex(Objects.java:372)
at java.base/java.util.ArrayList.get(ArrayList.java:459)
at ElementRepository.ManageExpense.datepicker(ManageExpense.java:99)
at Testcases.ManageExpenseTestcase.calenderfunction(ManageExpenseTestcase.java:71)
at java.base/java.util.ArrayList.forEach(ArrayList.java:1541)
... Removed 31 stack frames]]>
    </failure>
  </testcase> <!-- calenderfunction -->
</testsuite> <!-- ChromeTest -->
