<?xml version="1.0" encoding="UTF-8"?>
<!-- Generated by org.testng.reporters.JUnitXMLReporter -->
<testsuite ignored="0" hostname="QB-TP3-2221" failures="1" tests="3" name="My Test" time="18.389" errors="0" timestamp="2022-08-24T08:50:53 IST">
  <testcase classname="Testcases.ManageLocationTest" name="displayColorNewbutton" time="2.435"/>
  <testcase classname="Testcases.ManageLocationTest" name="manageLocationTabValidation" time="1.807"/>
  <testcase classname="Testcases.ManageLocationTest" name="searchMethod" time="2.995">
    <failure type="java.lang.AssertionError" message="The location is inactive expected [Active1] but found [Active]">
      <![CDATA[java.lang.AssertionError: The location is inactive expected [Active1] but found [Active]
at Testcases.ManageLocationTest.searchMethod(ManageLocationTest.java:46)
at java.base/java.util.ArrayList.forEach(ArrayList.java:1541)
... Removed 32 stack frames]]>
    </failure>
  </testcase> <!-- searchMethod -->
</testsuite> <!-- My Test -->
