<?xml version="1.0" encoding="UTF-8"?>
<!-- Generated by org.testng.reporters.JUnitXMLReporter -->
<testsuite ignored="0" hostname="QB-TP3-2221" failures="0" tests="3" name="ChromeTest" time="22.253" errors="0" timestamp="2022-08-29T08:33:59 IST">
  <testcase classname="Testcases.ManageOrderTestCases" name="manageOredersSearchbyBank" time="5.17"/>
  <testcase classname="Testcases.ManageOrderTestCases" name="statusvalidation" time="2.791"/>
  <testcase classname="Testcases.ManageOrderTestCases" name="statusvalidation" time="2.834"/>
</testsuite> <!-- ChromeTest -->
