-------------------------------------------------------------------------------
Test set: TestSuite
-------------------------------------------------------------------------------
Tests run: 4, Failures: 1, Errors: 0, Skipped: 0, Time elapsed: 35.874 s <<< FAILURE! - in TestSuite
Testcases.ManageExpenseTestcase.calenderfunction  Time elapsed: 16.689 s  <<< FAILURE!
java.lang.IndexOutOfBoundsException: Index 0 out of bounds for length 0
	at Testcases.ManageExpenseTestcase.calenderfunction(ManageExpenseTestcase.java:71)

