<?xml version="1.0" encoding="UTF-8"?>
<testsuite xmlns:xsi="http://www.w3.org/2001/XMLSchema-instance" xsi:noNamespaceSchemaLocation="https://maven.apache.org/surefire/maven-surefire-plugin/xsd/surefire-test-report-3.0.xsd" version="3.0" name="TestSuite" time="35.874" tests="4" errors="0" skipped="0" failures="1">
  <properties>
[...]
</properties>
  <testcase name="ManageordersResetButtonClrVaildation" classname="Testcases.ManageExpenseTestcase" time="2.197">
    <system-err><![CDATA[Starting ChromeDriver 105.0.5195.52 (412c95e518836d8a7d97250d62b29c2ae6a26a85-refs/branch-heads/5195@{#853}) on port 65237
Only local connections are allowed.
Please see https://chromedriver.chromium.org/security-considerations for suggestions on keeping ChromeDriver safe.
ChromeDriver was started successfully.
[1666335948.325][WARNING]: This version of ChromeDriver has not been tested with Chrome version 106.
Oct 21, 2022 12:35:48 PM org.openqa.selenium.remote.ProtocolHandshake createSession
INFO: Detected upstream dialect: W3C
Oct 21, 2022 12:35:48 PM org.openqa.selenium.devtools.CdpVersionFinder findNearestMatch
WARNING: Unable to find an exact match for CDP version 106, so returning the closest version found: 104
Oct 21, 2022 12:35:48 PM org.openqa.selenium.devtools.CdpVersionFinder findNearestMatch
INFO: Found CDP implementation for version 106 of 104
]]></system-err>
  </testcase>
  <testcase name="Manageorders_search_btn_size" classname="Testcases.ManageExpenseTestcase" time="1.7">
    <system-err><![CDATA[Starting ChromeDriver 105.0.5195.52 (412c95e518836d8a7d97250d62b29c2ae6a26a85-refs/branch-heads/5195@{#853}) on port 62124
Only local connections are allowed.
Please see https://chromedriver.chromium.org/security-considerations for suggestions on keeping ChromeDriver safe.
ChromeDriver was started successfully.
[1666335955.522][WARNING]: This version of ChromeDriver has not been tested with Chrome version 106.
Oct 21, 2022 12:35:55 PM org.openqa.selenium.remote.ProtocolHandshake createSession
INFO: Detected upstream dialect: W3C
Oct 21, 2022 12:35:55 PM org.openqa.selenium.devtools.CdpVersionFinder findNearestMatch
WARNING: Unable to find an exact match for CDP version 106, so returning the closest version found: 104
Oct 21, 2022 12:35:55 PM org.openqa.selenium.devtools.CdpVersionFinder findNearestMatch
INFO: Found CDP implementation for version 106 of 104
]]></system-err>
  </testcase>
  <testcase name="backGroundSearchrVaildation" classname="Testcases.ManageExpenseTestcase" time="1.49">
    <system-err><![CDATA[Starting ChromeDriver 105.0.5195.52 (412c95e518836d8a7d97250d62b29c2ae6a26a85-refs/branch-heads/5195@{#853}) on port 58113
Only local connections are allowed.
Please see https://chromedriver.chromium.org/security-considerations for suggestions on keeping ChromeDriver safe.
ChromeDriver was started successfully.
[1666335959.327][WARNING]: This version of ChromeDriver has not been tested with Chrome version 106.
Oct 21, 2022 12:35:59 PM org.openqa.selenium.remote.ProtocolHandshake createSession
INFO: Detected upstream dialect: W3C
Oct 21, 2022 12:35:59 PM org.openqa.selenium.devtools.CdpVersionFinder findNearestMatch
WARNING: Unable to find an exact match for CDP version 106, so returning the closest version found: 104
Oct 21, 2022 12:35:59 PM org.openqa.selenium.devtools.CdpVersionFinder findNearestMatch
INFO: Found CDP implementation for version 106 of 104
]]></system-err>
  </testcase>
  <testcase name="calenderfunction" classname="Testcases.ManageExpenseTestcase" time="16.689">
    <failure message="Index 0 out of bounds for length 0" type="java.lang.IndexOutOfBoundsException"><![CDATA[java.lang.IndexOutOfBoundsException: Index 0 out of bounds for length 0
	at Testcases.ManageExpenseTestcase.calenderfunction(ManageExpenseTestcase.java:71)
]]></failure>
    <system-out><![CDATA[October 2022
]]></system-out>
    <system-err><![CDATA[Starting ChromeDriver 105.0.5195.52 (412c95e518836d8a7d97250d62b29c2ae6a26a85-refs/branch-heads/5195@{#853}) on port 54010
Only local connections are allowed.
Please see https://chromedriver.chromium.org/security-considerations for suggestions on keeping ChromeDriver safe.
ChromeDriver was started successfully.
[1666335963.032][WARNING]: This version of ChromeDriver has not been tested with Chrome version 106.
Oct 21, 2022 12:36:03 PM org.openqa.selenium.remote.ProtocolHandshake createSession
INFO: Detected upstream dialect: W3C
Oct 21, 2022 12:36:03 PM org.openqa.selenium.devtools.CdpVersionFinder findNearestMatch
WARNING: Unable to find an exact match for CDP version 106, so returning the closest version found: 104
Oct 21, 2022 12:36:03 PM org.openqa.selenium.devtools.CdpVersionFinder findNearestMatch
INFO: Found CDP implementation for version 106 of 104
]]></system-err>
  </testcase>
</testsuite>