<?xml version="1.0" encoding="UTF-8"?>
<testng-results ignored="0" total="3" passed="3" failed="0" skipped="0">
  <reporter-output>
  </reporter-output>
  <suite started-at="2022-08-29T08:33:37 IST" name="CrossbrowserTesting2" finished-at="2022-08-29T08:33:59 IST" duration-ms="22253">
    <groups>
    </groups>
    <test started-at="2022-08-29T08:33:37 IST" name="ChromeTest" finished-at="2022-08-29T08:33:59 IST" duration-ms="22253">
      <class name="Testcases.ManageOrderTestCases">
        <test-method is-config="true" signature="beforemethod(java.lang.String)[pri:0, instance:Testcases.ManageOrderTestCases@e15b7e8]" started-at="2022-08-29T08:33:37 IST" name="beforemethod" finished-at="2022-08-29T08:33:42 IST" duration-ms="5469" status="PASS">
          <params>
            <param index="0">
              <value>
                <![CDATA[chrome]]>
              </value>
            </param>
          </params>
          <reporter-output>
          </reporter-output>
        </test-method> <!-- beforemethod -->
        <test-method signature="manageOredersSearchbyBank()[pri:0, instance:Testcases.ManageOrderTestCases@e15b7e8]" started-at="2022-08-29T08:33:42 IST" name="manageOredersSearchbyBank" finished-at="2022-08-29T08:33:47 IST" duration-ms="5170" status="PASS">
          <reporter-output>
          </reporter-output>
        </test-method> <!-- manageOredersSearchbyBank -->
        <test-method is-config="true" signature="aftermethod(org.testng.ITestResult)[pri:0, instance:Testcases.ManageOrderTestCases@e15b7e8]" started-at="2022-08-29T08:33:47 IST" name="aftermethod" finished-at="2022-08-29T08:33:47 IST" duration-ms="1" status="PASS">
          <params>
            <param index="0">
              <value>
                <![CDATA[[TestResult name=manageOredersSearchbyBank status=SUCCESS method=ManageOrderTestCases.manageOredersSearchbyBank()[pri:0, instance:Testcases.ManageOrderTestCases@e15b7e8] output={null}]]]>
              </value>
            </param>
          </params>
          <reporter-output>
          </reporter-output>
        </test-method> <!-- aftermethod -->
        <test-method is-config="true" signature="beforemethod(java.lang.String)[pri:0, instance:Testcases.ManageOrderTestCases@e15b7e8]" started-at="2022-08-29T08:33:47 IST" name="beforemethod" finished-at="2022-08-29T08:33:50 IST" duration-ms="2937" status="PASS">
          <params>
            <param index="0">
              <value>
                <![CDATA[chrome]]>
              </value>
            </param>
          </params>
          <reporter-output>
          </reporter-output>
        </test-method> <!-- beforemethod -->
        <test-method signature="statusvalidation(java.lang.String)[pri:0, instance:Testcases.ManageOrderTestCases@e15b7e8]" started-at="2022-08-29T08:33:50 IST" name="statusvalidation" data-provider="data-provider" finished-at="2022-08-29T08:33:53 IST" duration-ms="2791" status="PASS">
          <params>
            <param index="0">
              <value>
                <![CDATA[Select]]>
              </value>
            </param>
          </params>
          <reporter-output>
          </reporter-output>
        </test-method> <!-- statusvalidation -->
        <test-method is-config="true" signature="aftermethod(org.testng.ITestResult)[pri:0, instance:Testcases.ManageOrderTestCases@e15b7e8]" started-at="2022-08-29T08:33:53 IST" name="aftermethod" finished-at="2022-08-29T08:33:53 IST" duration-ms="0" status="PASS">
          <params>
            <param index="0">
              <value>
                <![CDATA[[TestResult name=statusvalidation status=SUCCESS method=ManageOrderTestCases.statusvalidation(java.lang.String)[pri:0, instance:Testcases.ManageOrderTestCases@e15b7e8] output={null}]]]>
              </value>
            </param>
          </params>
          <reporter-output>
          </reporter-output>
        </test-method> <!-- aftermethod -->
        <test-method is-config="true" signature="beforemethod(java.lang.String)[pri:0, instance:Testcases.ManageOrderTestCases@e15b7e8]" started-at="2022-08-29T08:33:53 IST" name="beforemethod" finished-at="2022-08-29T08:33:56 IST" duration-ms="2984" status="PASS">
          <params>
            <param index="0">
              <value>
                <![CDATA[chrome]]>
              </value>
            </param>
          </params>
          <reporter-output>
          </reporter-output>
        </test-method> <!-- beforemethod -->
        <test-method signature="statusvalidation(java.lang.String)[pri:0, instance:Testcases.ManageOrderTestCases@e15b7e8]" started-at="2022-08-29T08:33:56 IST" name="statusvalidation" data-provider="data-provider" finished-at="2022-08-29T08:33:59 IST" duration-ms="2834" status="PASS">
          <params>
            <param index="0">
              <value>
                <![CDATA[Paid]]>
              </value>
            </param>
          </params>
          <reporter-output>
          </reporter-output>
        </test-method> <!-- statusvalidation -->
        <test-method is-config="true" signature="aftermethod(org.testng.ITestResult)[pri:0, instance:Testcases.ManageOrderTestCases@e15b7e8]" started-at="2022-08-29T08:33:59 IST" name="aftermethod" finished-at="2022-08-29T08:33:59 IST" duration-ms="1" status="PASS">
          <params>
            <param index="0">
              <value>
                <![CDATA[[TestResult name=statusvalidation status=SUCCESS method=ManageOrderTestCases.statusvalidation(java.lang.String)[pri:0, instance:Testcases.ManageOrderTestCases@e15b7e8] output={null}]]]>
              </value>
            </param>
          </params>
          <reporter-output>
          </reporter-output>
        </test-method> <!-- aftermethod -->
      </class> <!-- Testcases.ManageOrderTestCases -->
    </test> <!-- ChromeTest -->
  </suite> <!-- CrossbrowserTesting2 -->
</testng-results>
